<?xml version="1.0" encoding="UTF-8"?>
<!-- Generated by org.testng.reporters.JUnitXMLReporter -->
<testsuite ignored="0" hostname="gunjanpr" failures="0" tests="2" name="Testfirefox" time="5.342" errors="0" timestamp="2023-11-27T07:32:38 IST">
  <testcase classname="com.crm.vtigergenericutils.BaseClass" name="@BeforeMethod config_BeforeMethod" time="2.045">
    <failure type="org.openqa.selenium.StaleElementReferenceException" message="The element with the reference f18d5a15-1ead-4bad-b95e-2bc50726db13 is stale; either its node document is not the active document, or it is no longer connected to the DOM
For documentation on this error, please visit: https://www.selenium.dev/documentation/webdriver/troubleshooting/errors#stale-element-reference-exception
Build info: version: &amp;apos;4.13.0&amp;apos;, revision: &amp;apos;ba948ece5b*&amp;apos;
System info: os.name: &amp;apos;Windows 11&amp;apos;, os.arch: &amp;apos;amd64&amp;apos;, os.version: &amp;apos;10.0&amp;apos;, java.version: &amp;apos;17.0.7&amp;apos;
Driver info: org.openqa.selenium.firefox.FirefoxDriver
Command: [e15d6569-2e6d-4bb2-b981-8b9e756ced1f, clickElement {id=f18d5a15-1ead-4bad-b95e-2bc50726db13}]
Capabilities {acceptInsecureCerts: true, browserName: firefox, browserVersion: 120.0, moz:accessibilityChecks: false, moz:buildID: 20231116134553, moz:debuggerAddress: 127.0.0.1:13944, moz:geckodriverVersion: 0.33.0, moz:headless: false, moz:platformVersion: 10.0, moz:processID: 30620, moz:profile: C:\Users\91891\AppData\Loca..., moz:shutdownTimeout: 60000, moz:webdriverClick: true, moz:windowless: false, pageLoadStrategy: normal, platformName: windows, proxy: Proxy(), se:cdp: ws://127.0.0.1:13944/devtoo..., se:cdpVersion: 85.0, setWindowRect: true, strictFileInteractability: false, timeouts: {implicit: 0, pageLoad: 300000, script: 30000}, unhandledPromptBehavior: dismiss and notify}
Element: [[FirefoxDriver: firefox on windows (e15d6569-2e6d-4bb2-b981-8b9e756ced1f)] -&amp;gt; xpath: //input[@id=&amp;apos;submitButton&amp;apos;]]
Session ID: e15d6569-2e6d-4bb2-b981-8b9e756ced1f">
      <![CDATA[org.openqa.selenium.StaleElementReferenceException: The element with the reference f18d5a15-1ead-4bad-b95e-2bc50726db13 is stale; either its node document is not the active document, or it is no longer connected to the DOM
For documentation on this error, please visit: https://www.selenium.dev/documentation/webdriver/troubleshooting/errors#stale-element-reference-exception
Build info: version: '4.13.0', revision: 'ba948ece5b*'
System info: os.name: 'Windows 11', os.arch: 'amd64', os.version: '10.0', java.version: '17.0.7'
Driver info: org.openqa.selenium.firefox.FirefoxDriver
Command: [e15d6569-2e6d-4bb2-b981-8b9e756ced1f, clickElement {id=f18d5a15-1ead-4bad-b95e-2bc50726db13}]
Capabilities {acceptInsecureCerts: true, browserName: firefox, browserVersion: 120.0, moz:accessibilityChecks: false, moz:buildID: 20231116134553, moz:debuggerAddress: 127.0.0.1:13944, moz:geckodriverVersion: 0.33.0, moz:headless: false, moz:platformVersion: 10.0, moz:processID: 30620, moz:profile: C:\Users\91891\AppData\Loca..., moz:shutdownTimeout: 60000, moz:webdriverClick: true, moz:windowless: false, pageLoadStrategy: normal, platformName: windows, proxy: Proxy(), se:cdp: ws://127.0.0.1:13944/devtoo..., se:cdpVersion: 85.0, setWindowRect: true, strictFileInteractability: false, timeouts: {implicit: 0, pageLoad: 300000, script: 30000}, unhandledPromptBehavior: dismiss and notify}
Element: [[FirefoxDriver: firefox on windows (e15d6569-2e6d-4bb2-b981-8b9e756ced1f)] -> xpath: //input[@id='submitButton']]
Session ID: e15d6569-2e6d-4bb2-b981-8b9e756ced1f
at org.openqa.selenium.remote.codec.w3c.W3CHttpResponseCodec.createException(W3CHttpResponseCodec.java:200)
at org.openqa.selenium.remote.codec.w3c.W3CHttpResponseCodec.decode(W3CHttpResponseCodec.java:133)
at org.openqa.selenium.remote.codec.w3c.W3CHttpResponseCodec.decode(W3CHttpResponseCodec.java:52)
at org.openqa.selenium.remote.HttpCommandExecutor.execute(HttpCommandExecutor.java:191)
at org.openqa.selenium.remote.service.DriverCommandExecutor.invokeExecute(DriverCommandExecutor.java:196)
at org.openqa.selenium.remote.service.DriverCommandExecutor.execute(DriverCommandExecutor.java:171)
at org.openqa.selenium.remote.RemoteWebDriver.execute(RemoteWebDriver.java:602)
at org.openqa.selenium.remote.RemoteWebElement.execute(RemoteWebElement.java:224)
at org.openqa.selenium.remote.RemoteWebElement.click(RemoteWebElement.java:77)
at org.openqa.selenium.support.pagefactory.internal.LocatingElementHandler.invoke(LocatingElementHandler.java:51)
at jdk.proxy2/jdk.proxy2.$Proxy21.click(Unknown Source)
at com.crm.objectrepovtiger.LoginPage.login(LoginPage.java:42)
at com.crm.vtigergenericutils.BaseClass.config_BeforeMethod(BaseClass.java:65)
at java.base/java.util.concurrent.ThreadPoolExecutor.runWorker(ThreadPoolExecutor.java:1136)
at java.base/java.util.concurrent.ThreadPoolExecutor$Worker.run(ThreadPoolExecutor.java:635)
at java.base/java.lang.Thread.run(Thread.java:833)
... Removed 25 stack frames]]>
    </failure>
  </testcase> <!-- @BeforeMethod config_BeforeMethod -->
  <testcase classname="com.crm.vtigergenericutils.BaseClass" name="@AfterMethod configureafterMethod" time="-1.701050557833E9">
    <skipped/>
  </testcase> <!-- @AfterMethod configureafterMethod -->
  <testcase classname="com.crm.vtigergenericutils.BaseClass" name="@AfterClass closetheBrowser" time="-1.701050557836E9">
    <skipped/>
  </testcase> <!-- @AfterClass closetheBrowser -->
  <testcase classname="com.vtiger.signin.SigninToTheapplication" name="signInSucess" time="0.002"/>
  <testcase classname="com.vtiger.signin.SigninToTheapplication" name="Signin" time="0.0">
    <skipped/>
  </testcase> <!-- Signin -->
</testsuite> <!-- Testfirefox -->
